# JRE version: OpenJDK Runtime Environment (11.0.2+9) (build 11.0.2+9)
# Java VM: OpenJDK 64-Bit Server VM (11.0.2+9, mixed mode, tiered, compressed oops, g1 gc, windows-amd64)
Heap:
 garbage-first heap   total 157696K, used 114948K [0x0000000740000000, 0x0000000800000000)
  region size 1024K, 32 young (32768K), 2 survivors (2048K)
 Metaspace       used 91336K, capacity 93862K, committed 93908K, reserved 1130496K
  class space    used 12670K, capacity 13802K, committed 13824K, reserved 1048576K
GC Heap History (10 events):
Event: 161.399 GC heap before
{Heap before GC invocations=80 (full 2):
 garbage-first heap   total 157696K, used 144189K [0x0000000740000000, 0x0000000800000000)
  region size 1024K, 60 young (61440K), 2 survivors (2048K)
 Metaspace       used 90933K, capacity 93405K, committed 93652K, reserved 1130496K
  class space    used 12629K, capacity 13735K, committed 13824K, reserved 1048576K
}
Event: 161.403 GC heap after
{Heap after GC invocations=81 (full 2):
 garbage-first heap   total 157696K, used 84752K [0x0000000740000000, 0x0000000800000000)
  region size 1024K, 1 young (1024K), 1 survivors (1024K)
 Metaspace       used 90933K, capacity 93405K, committed 93652K, reserved 1130496K
  class space    used 12629K, capacity 13735K, committed 13824K, reserved 1048576K
}
Event: 163.716 GC heap before
{Heap before GC invocations=81 (full 2):
 garbage-first heap   total 157696K, used 145168K [0x0000000740000000, 0x0000000800000000)
  region size 1024K, 60 young (61440K), 1 survivors (1024K)
 Metaspace       used 90946K, capacity 93408K, committed 93652K, reserved 1130496K
  class space    used 12630K, capacity 13736K, committed 13824K, reserved 1048576K
}
Event: 163.719 GC heap after
{Heap after GC invocations=82 (full 2):
 garbage-first heap   total 157696K, used 84770K [0x0000000740000000, 0x0000000800000000)
  region size 1024K, 1 young (1024K), 1 survivors (1024K)
 Metaspace       used 90946K, capacity 93408K, committed 93652K, reserved 1130496K
  class space    used 12630K, capacity 13736K, committed 13824K, reserved 1048576K
}
Event: 166.563 GC heap before
{Heap before GC invocations=83 (full 2):
 garbage-first heap   total 157696K, used 145186K [0x0000000740000000, 0x0000000800000000)
  region size 1024K, 60 young (61440K), 1 survivors (1024K)
 Metaspace       used 90950K, capacity 93408K, committed 93652K, reserved 1130496K
  class space    used 12630K, capacity 13736K, committed 13824K, reserved 1048576K
}
Event: 166.566 GC heap after
{Heap after GC invocations=84 (full 2):
 garbage-first heap   total 157696K, used 84698K [0x0000000740000000, 0x0000000800000000)
  region size 1024K, 1 young (1024K), 1 survivors (1024K)
 Metaspace       used 90950K, capacity 93408K, committed 93652K, reserved 1130496K
  class space    used 12630K, capacity 13736K, committed 13824K, reserved 1048576K
}
Event: 168.475 GC heap before
{Heap before GC invocations=84 (full 2):
 garbage-first heap   total 157696K, used 145114K [0x0000000740000000, 0x0000000800000000)
  region size 1024K, 60 young (61440K), 1 survivors (1024K)
 Metaspace       used 90970K, capacity 93408K, committed 93652K, reserved 1130496K
  class space    used 12630K, capacity 13736K, committed 13824K, reserved 1048576K
}
Event: 168.480 GC heap after
{Heap after GC invocations=85 (full 2):
 garbage-first heap   total 157696K, used 84999K [0x0000000740000000, 0x0000000800000000)
  region size 1024K, 1 young (1024K), 1 survivors (1024K)
 Metaspace       used 90970K, capacity 93408K, committed 93652K, reserved 1130496K
  class space    used 12630K, capacity 13736K, committed 13824K, reserved 1048576K
}
Event: 177.336 GC heap before
{Heap before GC invocations=86 (full 2):
 garbage-first heap   total 157696K, used 145415K [0x0000000740000000, 0x0000000800000000)
  region size 1024K, 60 young (61440K), 1 survivors (1024K)
 Metaspace       used 91271K, capacity 93798K, committed 93908K, reserved 1130496K
  class space    used 12668K, capacity 13802K, committed 13824K, reserved 1048576K
}
Event: 177.340 GC heap after
{Heap after GC invocations=87 (full 2):
 garbage-first heap   total 157696K, used 85252K [0x0000000740000000, 0x0000000800000000)
  region size 1024K, 2 young (2048K), 2 survivors (2048K)
 Metaspace       used 91271K, capacity 93798K, committed 93908K, reserved 1130496K
  class space    used 12668K, capacity 13802K, committed 13824K, reserved 1048576K
}

