# JRE version: OpenJDK Runtime Environment (11.0.2+9) (build 11.0.2+9)
# Java VM: OpenJDK 64-Bit Server VM (11.0.2+9, mixed mode, tiered, compressed oops, g1 gc, windows-amd64)
Heap:
 garbage-first heap   total 181248K, used 118440K [0x0000000740000000, 0x0000000800000000)
  region size 1024K, 21 young (21504K), 4 survivors (4096K)
 Metaspace       used 97523K, capacity 99023K, committed 102576K, reserved 1136640K
  class space    used 12989K, capacity 13633K, committed 14848K, reserved 1048576K
GC Heap History (10 events):
Event: 3729.759 GC heap before
{Heap before GC invocations=462 (full 23):
 garbage-first heap   total 181248K, used 116858K [0x0000000740000000, 0x0000000800000000)
  region size 1024K, 13 young (13312K), 4 survivors (4096K)
 Metaspace       used 97187K, capacity 98659K, committed 102320K, reserved 1136640K
  class space    used 12983K, capacity 13597K, committed 14848K, reserved 1048576K
}
Event: 3729.763 GC heap after
{Heap after GC invocations=463 (full 23):
 garbage-first heap   total 181248K, used 93282K [0x0000000740000000, 0x0000000800000000)
  region size 1024K, 4 young (4096K), 4 survivors (4096K)
 Metaspace       used 97187K, capacity 98659K, committed 102320K, reserved 1136640K
  class space    used 12983K, capacity 13597K, committed 14848K, reserved 1048576K
}
Event: 3730.259 GC heap before
{Heap before GC invocations=464 (full 23):
 garbage-first heap   total 181248K, used 97378K [0x0000000740000000, 0x0000000800000000)
  region size 1024K, 6 young (6144K), 4 survivors (4096K)
 Metaspace       used 97187K, capacity 98659K, committed 102320K, reserved 1136640K
  class space    used 12983K, capacity 13597K, committed 14848K, reserved 1048576K
}
Event: 3730.264 GC heap after
{Heap after GC invocations=465 (full 23):
 garbage-first heap   total 181248K, used 93564K [0x0000000740000000, 0x0000000800000000)
  region size 1024K, 4 young (4096K), 4 survivors (4096K)
 Metaspace       used 97187K, capacity 98659K, committed 102320K, reserved 1136640K
  class space    used 12983K, capacity 13597K, committed 14848K, reserved 1048576K
}
Event: 3731.476 GC heap before
{Heap before GC invocations=466 (full 23):
 garbage-first heap   total 181248K, used 152956K [0x0000000740000000, 0x0000000800000000)
  region size 1024K, 60 young (61440K), 4 survivors (4096K)
 Metaspace       used 97202K, capacity 98670K, committed 102320K, reserved 1136640K
  class space    used 12985K, capacity 13601K, committed 14848K, reserved 1048576K
}
Event: 3731.481 GC heap after
{Heap after GC invocations=467 (full 23):
 garbage-first heap   total 181248K, used 93794K [0x0000000740000000, 0x0000000800000000)
  region size 1024K, 5 young (5120K), 5 survivors (5120K)
 Metaspace       used 97202K, capacity 98670K, committed 102320K, reserved 1136640K
  class space    used 12985K, capacity 13601K, committed 14848K, reserved 1048576K
}
Event: 3731.659 GC heap before
{Heap before GC invocations=467 (full 23):
 garbage-first heap   total 181248K, used 150114K [0x0000000740000000, 0x0000000800000000)
  region size 1024K, 60 young (61440K), 5 survivors (5120K)
 Metaspace       used 97500K, capacity 98959K, committed 102576K, reserved 1136640K
  class space    used 12989K, capacity 13633K, committed 14848K, reserved 1048576K
}
Event: 3731.664 GC heap after
{Heap after GC invocations=468 (full 23):
 garbage-first heap   total 181248K, used 93644K [0x0000000740000000, 0x0000000800000000)
  region size 1024K, 4 young (4096K), 4 survivors (4096K)
 Metaspace       used 97500K, capacity 98959K, committed 102576K, reserved 1136640K
  class space    used 12989K, capacity 13633K, committed 14848K, reserved 1048576K
}
Event: 3731.794 GC heap before
{Heap before GC invocations=469 (full 23):
 garbage-first heap   total 181248K, used 121292K [0x0000000740000000, 0x0000000800000000)
  region size 1024K, 33 young (33792K), 4 survivors (4096K)
 Metaspace       used 97522K, capacity 99023K, committed 102576K, reserved 1136640K
  class space    used 12989K, capacity 13633K, committed 14848K, reserved 1048576K
}
Event: 3731.800 GC heap after
{Heap after GC invocations=470 (full 23):
 garbage-first heap   total 181248K, used 93864K [0x0000000740000000, 0x0000000800000000)
  region size 1024K, 4 young (4096K), 4 survivors (4096K)
 Metaspace       used 97522K, capacity 99023K, committed 102576K, reserved 1136640K
  class space    used 12989K, capacity 13633K, committed 14848K, reserved 1048576K
}

